<?xml version="1.0" encoding="UTF-8"?>
<!-- Generated by org.testng.reporters.JUnitReportReporter -->
<testsuite hostname="DESKTOP-2LUI3MF" failures="0" tests="3" name="digitalOnboard.testcases.HomePageTest" time="75.432" errors="0" timestamp="2022-04-23T11:10:15 IST" skipped="0">
  <testcase classname="digitalOnboard.testcases.HomePageTest" name="onBoardLogoTest" time="39.269"/>
  <system-out/>
  <testcase classname="digitalOnboard.testcases.HomePageTest" name="navigateLoginPage" time="15.197"/>
  <system-out/>
  <testcase classname="digitalOnboard.testcases.HomePageTest" name="navigateCompanyRegistrationPage" time="20.966"/>
  <system-out/>
</testsuite> <!-- digitalOnboard.testcases.HomePageTest -->
