<?xml version="1.0" encoding="UTF-8"?>
<!-- Generated by org.testng.reporters.JUnitReportReporter -->
<testsuite hostname="DESKTOP-2LUI3MF" failures="0" tests="2" name="digitalOnboard.testcases.CompanyRegistrationPageTest" time="48.038" errors="0" timestamp="2022-04-23T11:15:29 IST" skipped="0">
  <testcase classname="digitalOnboard.testcases.CompanyRegistrationPageTest" name="registerNewUser" time="20.152"/>
  <system-out/>
  <testcase classname="digitalOnboard.testcases.CompanyRegistrationPageTest" name="registerNewUser" time="27.886"/>
  <system-out/>
</testsuite> <!-- digitalOnboard.testcases.CompanyRegistrationPageTest -->
