<?xml version="1.0" encoding="UTF-8"?>
<!-- Generated by org.testng.reporters.JUnitReportReporter -->
<testsuite hostname="DESKTOP-2LUI3MF" failures="0" tests="1" name="cims.testcases.LoginPageTest" time="25.028" errors="0" timestamp="2022-04-23T14:00:03 IST" skipped="0">
  <testcase classname="cims.testcases.LoginPageTest" name="authorizedUserLogin" time="25.028"/>
  <system-out/>
</testsuite> <!-- cims.testcases.LoginPageTest -->
