<?xml version="1.0" encoding="UTF-8"?>
<!-- Generated by org.testng.reporters.JUnitReportReporter -->
<testsuite hostname="DESKTOP-2LUI3MF" failures="0" tests="2" name="test.sampleTestNG" time="0.019" errors="0" timestamp="2022-02-06T14:14:57 IST" skipped="0">
  <testcase classname="test.sampleTestNG" name="googleTitleTest" time="0.009"/>
  <system-out/>
  <testcase classname="test.sampleTestNG" name="googleLogoTest" time="0.010"/>
  <system-out/>
</testsuite> <!-- test.sampleTestNG -->
