<?xml version="1.0" encoding="UTF-8"?>
<!-- Generated by org.testng.reporters.JUnitReportReporter -->
<testsuite hostname="DESKTOP-2LUI3MF" failures="0" tests="4" name="testNGdataProvider.dataProviderTest" time="68.076" errors="0" timestamp="2022-02-27T11:01:46 IST" skipped="0">
  <testcase classname="testNGdataProvider.dataProviderTest" name="rediffRegistrationTest" time="16.636"/>
  <system-out/>
  <testcase classname="testNGdataProvider.dataProviderTest" name="rediffRegistrationTest" time="15.456"/>
  <system-out/>
  <testcase classname="testNGdataProvider.dataProviderTest" name="rediffRegistrationTest" time="14.926"/>
  <system-out/>
  <testcase classname="testNGdataProvider.dataProviderTest" name="rediffRegistrationTest" time="21.058"/>
  <system-out/>
</testsuite> <!-- testNGdataProvider.dataProviderTest -->
