<?xml version="1.0" encoding="UTF-8"?>
<!-- Generated by org.testng.reporters.JUnitReportReporter -->
<testsuite hostname="DESKTOP-2LUI3MF" failures="0" tests="10" name="test.InvocationCount" time="0.054" errors="0" timestamp="2022-02-06T14:14:57 IST" skipped="0">
  <testcase classname="test.InvocationCount" name="sum" time="0.005"/>
  <system-out/>
  <testcase classname="test.InvocationCount" name="sum" time="0.006"/>
  <system-out/>
  <testcase classname="test.InvocationCount" name="sum" time="0.005"/>
  <system-out/>
  <testcase classname="test.InvocationCount" name="sum" time="0.005"/>
  <system-out/>
  <testcase classname="test.InvocationCount" name="sum" time="0.005"/>
  <system-out/>
  <testcase classname="test.InvocationCount" name="sum" time="0.006"/>
  <system-out/>
  <testcase classname="test.InvocationCount" name="sum" time="0.005"/>
  <system-out/>
  <testcase classname="test.InvocationCount" name="sum" time="0.006"/>
  <system-out/>
  <testcase classname="test.InvocationCount" name="sum" time="0.005"/>
  <system-out/>
  <testcase classname="test.InvocationCount" name="sum" time="0.006"/>
  <system-out/>
</testsuite> <!-- test.InvocationCount -->
