<?xml version="1.0" encoding="UTF-8"?>
<!-- Generated by org.testng.reporters.JUnitReportReporter -->
<testsuite hostname="DESKTOP-2LUI3MF" failures="0" tests="3" name="test.DepencyFeatures" time="0.050" errors="0" timestamp="2022-02-06T14:14:57 IST" skipped="0">
  <testcase classname="test.DepencyFeatures" name="loginTest" time="0.030"/>
  <system-out/>
  <testcase classname="test.DepencyFeatures" name="SearchPageTest" time="0.012"/>
  <system-out/>
  <testcase classname="test.DepencyFeatures" name="HomePageTest" time="0.008"/>
  <system-out/>
</testsuite> <!-- test.DepencyFeatures -->
