<?xml version="1.0" encoding="UTF-8"?>
<!-- Generated by org.testng.reporters.JUnitReportReporter -->
<testsuite hostname="DESKTOP-2LUI3MF" failures="0" tests="2" name="POM_TestPages.LoginPageTest" time="33.136" errors="0" timestamp="2022-02-27T12:32:57 IST" skipped="0">
  <testcase classname="POM_TestPages.LoginPageTest" name="verifyInValidLogin" time="18.322"/>
  <system-out/>
  <testcase classname="POM_TestPages.LoginPageTest" name="verifyValidLogin" time="14.814"/>
  <system-out/>
</testsuite> <!-- POM_TestPages.LoginPageTest -->
