<?xml version="1.0" encoding="UTF-8"?>
<!-- Generated by org.testng.reporters.JUnitReportReporter -->
<testsuite hostname="DESKTOP-2LUI3MF" failures="0" tests="1" name="test.parameterTest" time="36.697" errors="0" timestamp="2022-02-16T16:16:50 IST" skipped="0">
  <testcase classname="test.parameterTest" name="LoginRediffMail" time="36.697"/>
  <system-out/>
</testsuite> <!-- test.parameterTest -->
