<?xml version="1.0" encoding="UTF-8"?>
<!-- Generated by org.testng.reporters.JUnitReportReporter -->
<testsuite hostname="DESKTOP-2LUI3MF" failures="0" tests="1" name="POM_TestPages.LoginPageNewTes" time="16.421" errors="0" timestamp="2022-03-05T11:09:19 IST" skipped="0">
  <testcase classname="POM_TestPages.LoginPageNewTes" name="checkLogin" time="16.421"/>
  <system-out/>
</testsuite> <!-- POM_TestPages.LoginPageNewTes -->
